<?xml version="1.0" encoding="UTF-8"?>
<testng-results skipped="0" failed="0" ignored="0" total="1" passed="1">
  <reporter-output>
  </reporter-output>
  <suite name="Default suite" duration-ms="12392" started-at="2022-01-15T16:54:50 CST" finished-at="2022-01-15T16:55:03 CST">
    <groups>
    </groups>
    <test name="Default test" duration-ms="12392" started-at="2022-01-15T16:54:50 CST" finished-at="2022-01-15T16:55:03 CST">
      <class name="CallingAllMethods.AllMethods">
        <test-method status="PASS" signature="practiceall()[pri:0, instance:CallingAllMethods.AllMethods@33f88ab]" name="practiceall" duration-ms="12361" started-at="2022-01-15T16:54:50 CST" finished-at="2022-01-15T16:55:03 CST">
          <reporter-output>
          </reporter-output>
        </test-method> <!-- practiceall -->
      </class> <!-- CallingAllMethods.AllMethods -->
    </test> <!-- Default test -->
  </suite> <!-- Default suite -->
</testng-results>
